-------------------------------------------------------------------------------
Test set: com.nityaobject.roombooking.main.MainNGTest
-------------------------------------------------------------------------------
Tests run: 1, Failures: 1, Errors: 0, Skipped: 0, Time elapsed: 0.701 sec <<< FAILURE!
testMain(com.nityaobject.roombooking.main.MainNGTest)  Time elapsed: 0.055 sec  <<< FAILURE!
java.lang.AssertionError: The test case is a prototype.
	at org.testng.Assert.fail(Assert.java:110)
	at com.nityaobject.roombooking.main.MainNGTest.testMain(MainNGTest.java:48)

